<?xml version="1.0" encoding="UTF-8"?>
<!-- Generated by org.testng.reporters.JUnitReportReporter -->
<testsuite hostname="IN-OLX-PF2SH88V" failures="0" tests="1" name="ScreenShots.ScreenShotDefinition" time="4.203" errors="0" timestamp="2024-07-11T23:12:30 IST" skipped="0">
  <testcase classname="ScreenShots.ScreenShotDefinition" name="setUp" time="4.203"/>
  <system-out/>
</testsuite> <!-- ScreenShots.ScreenShotDefinition -->
