<?xml version="1.0" encoding="UTF-8"?>
<!-- Generated by org.testng.reporters.JUnitReportReporter -->
<testsuite hostname="IN-OLX-PF2SH88V" failures="0" tests="3" name="TestNgTopics.FirstTestCase" time="0.016" errors="0" timestamp="2024-07-04T10:34:53 IST" skipped="0">
  <testcase classname="TestNgTopics.FirstTestCase" name="OpenApp" time="0.013"/>
  <system-out/>
  <testcase classname="TestNgTopics.FirstTestCase" name="Login" time="0.001"/>
  <system-out/>
  <testcase classname="TestNgTopics.FirstTestCase" name="Logout" time="0.002"/>
  <system-out/>
</testsuite> <!-- TestNgTopics.FirstTestCase -->
