<?xml version="1.0" encoding="UTF-8"?>
<!-- Generated by org.testng.reporters.JUnitReportReporter -->
<testsuite hostname="IN-OLX-PF2SH88V" failures="0" tests="9" name="TestNgTopics.Paramtrs_ParllelTest" time="0.404" errors="0" timestamp="2024-07-09T11:51:38 IST" skipped="0">
  <testcase classname="TestNgTopics.Paramtrs_ParllelTest" name="testLogo" time="0.037"/>
  <system-out/>
  <testcase classname="TestNgTopics.Paramtrs_ParllelTest" name="testLogo" time="0.174"/>
  <system-out/>
  <testcase classname="TestNgTopics.Paramtrs_ParllelTest" name="testLogo" time="0.067"/>
  <system-out/>
  <testcase classname="TestNgTopics.Paramtrs_ParllelTest" name="testTitle" time="0.020"/>
  <system-out/>
  <testcase classname="TestNgTopics.Paramtrs_ParllelTest" name="testTitle" time="0.029"/>
  <system-out/>
  <testcase classname="TestNgTopics.Paramtrs_ParllelTest" name="testTitle" time="0.028"/>
  <system-out/>
  <testcase classname="TestNgTopics.Paramtrs_ParllelTest" name="testUrl" time="0.016"/>
  <system-out/>
  <testcase classname="TestNgTopics.Paramtrs_ParllelTest" name="testUrl" time="0.017"/>
  <system-out/>
  <testcase classname="TestNgTopics.Paramtrs_ParllelTest" name="testUrl" time="0.016"/>
  <system-out/>
</testsuite> <!-- TestNgTopics.Paramtrs_ParllelTest -->
