<?xml version="1.0" encoding="UTF-8"?>
<!-- Generated by org.testng.reporters.JUnitReportReporter -->
<testsuite hostname="IN-OLX-PF2SH88V" failures="0" tests="2" name="TestNgTopics.AllAnnotations" time="0.014" errors="0" timestamp="2024-07-05T11:27:29 IST" skipped="0">
  <testcase classname="TestNgTopics.AllAnnotations" name="tm1" time="0.013"/>
  <system-out/>
  <testcase classname="TestNgTopics.AllAnnotations" name="tm2" time="0.001"/>
  <system-out/>
</testsuite> <!-- TestNgTopics.AllAnnotations -->
