<?xml version="1.0" encoding="UTF-8"?>
<!-- Generated by org.testng.reporters.JUnitReportReporter -->
<testsuite hostname="IN-OLX-PF2SH88V" failures="0" tests="3" name="TestNGGrouping.LoginTests" time="0.009" errors="0" timestamp="2024-07-05T18:32:15 IST" skipped="0">
  <testcase classname="TestNGGrouping.LoginTests" name="loginByEmail" time="0.007"/>
  <system-out/>
  <testcase classname="TestNGGrouping.LoginTests" name="loginByFacebook" time="0.001"/>
  <system-out/>
  <testcase classname="TestNGGrouping.LoginTests" name="loginByTwitter" time="0.001"/>
  <system-out/>
</testsuite> <!-- TestNGGrouping.LoginTests -->
