<?xml version="1.0" encoding="UTF-8"?>
<!-- Generated by org.testng.reporters.JUnitReportReporter -->
<testsuite hostname="IN-OLX-PF2SH88V" failures="0" tests="2" name="TestNGGrouping.PaymentTests" time="0.010" errors="0" timestamp="2024-07-05T18:42:55 IST" skipped="0">
  <testcase classname="TestNGGrouping.PaymentTests" name="paymentinRupees" time="0.007"/>
  <system-out/>
  <testcase classname="TestNGGrouping.PaymentTests" name="paymentinDollars" time="0.003"/>
  <system-out/>
</testsuite> <!-- TestNGGrouping.PaymentTests -->
