<?xml version="1.0" encoding="UTF-8"?>
<!-- Generated by org.testng.reporters.JUnitReportReporter -->
<testsuite hostname="IN-OLX-PF2SH88V" failures="0" tests="1" name="ListenersTopic.FaceBook" time="7.283" errors="0" timestamp="2024-07-12T11:49:32 IST" skipped="0">
  <testcase classname="ListenersTopic.FaceBook" name="loginTest" time="7.283"/>
  <system-out/>
</testsuite> <!-- ListenersTopic.FaceBook -->
