<?xml version="1.0" encoding="UTF-8"?>
<!-- Generated by org.testng.reporters.JUnitReportReporter -->
<testsuite hostname="IN-OLX-PF2SH88V" failures="0" tests="1" name="POM.LoginTest" time="1.744" errors="0" timestamp="2024-07-08T12:21:41 IST" skipped="0">
  <testcase classname="POM.LoginTest" name="testLogin" time="1.744"/>
  <system-out/>
</testsuite> <!-- POM.LoginTest -->
