<?xml version="1.0" encoding="UTF-8"?>
<!-- Generated by org.testng.reporters.JUnitReportReporter -->
<testsuite hostname="IN-OLX-PF2SH88V" failures="0" tests="3" name="TestNGGrouping.SignUpTests" time="0.019" errors="0" timestamp="2024-07-05T18:30:52 IST" skipped="0">
  <testcase classname="TestNGGrouping.SignUpTests" name="signupbyemail" time="0.016"/>
  <system-out/>
  <testcase classname="TestNGGrouping.SignUpTests" name="signupbyfacebook" time="0.001"/>
  <system-out/>
  <testcase classname="TestNGGrouping.SignUpTests" name="signupbytwitter" time="0.002"/>
  <system-out/>
</testsuite> <!-- TestNGGrouping.SignUpTests -->
