<?xml version="1.0" encoding="UTF-8"?>
<!-- Generated by org.testng.reporters.JUnitReportReporter -->
<testsuite hostname="IN-OLX-PF2SH88V" failures="0" tests="2" name="ListenersTopic.OrangeHrmListeners" time="0.033" errors="0" timestamp="2024-07-20T20:10:23 IST" skipped="0">
  <testcase classname="ListenersTopic.OrangeHrmListeners" name="testUrl" time="0.021"/>
  <system-out/>
  <testcase classname="ListenersTopic.OrangeHrmListeners" name="testHomePageTitle" time="0.012"/>
  <system-out/>
</testsuite> <!-- ListenersTopic.OrangeHrmListeners -->
