<?xml version="1.0" encoding="UTF-8"?>
<!-- Generated by org.testng.reporters.JUnitReportReporter -->
<testsuite hostname="IN-OLX-PF2SH88V" failures="0" tests="2" name="TestNgTopics.C2" time="0.003" errors="0" timestamp="2024-07-05T11:07:42 IST" skipped="0">
  <testcase classname="TestNgTopics.C2" name="abc" time="0.001"/>
  <system-out/>
  <testcase classname="TestNgTopics.C2" name="abc" time="0.002"/>
  <system-out/>
</testsuite> <!-- TestNgTopics.C2 -->
