<?xml version="1.0" encoding="UTF-8"?>
<!-- Generated by org.testng.reporters.JUnitReportReporter -->
<testsuite hostname="IN-OLX-PF2SH88V" failures="0" tests="2" name="TestNgTopics.AnnotationsDemo1" time="0.010" errors="0" timestamp="2024-07-05T10:20:17 IST" skipped="0">
  <testcase classname="TestNgTopics.AnnotationsDemo1" name="search" time="0.007"/>
  <system-out/>
  <testcase classname="TestNgTopics.AnnotationsDemo1" name="advsearch" time="0.003"/>
  <system-out/>
</testsuite> <!-- TestNgTopics.AnnotationsDemo1 -->
