<?xml version="1.0" encoding="UTF-8"?>
<!-- Generated by org.testng.reporters.JUnitReportReporter -->
<testsuite hostname="IN-OLX-PF2SH88V" failures="0" tests="2" name="TestNgTopics.AnnotationsDemo2" time="0.005" errors="0" timestamp="2024-07-06T22:35:12 IST" skipped="0">
  <testcase classname="TestNgTopics.AnnotationsDemo2" name="search" time="0.004"/>
  <system-out/>
  <testcase classname="TestNgTopics.AnnotationsDemo2" name="advsearch" time="0.001"/>
  <system-out/>
</testsuite> <!-- TestNgTopics.AnnotationsDemo2 -->
