<?xml version="1.0" encoding="UTF-8"?>
<!-- Generated by org.testng.reporters.JUnitReportReporter -->
<testsuite hostname="IN-OLX-PF2SH88V" failures="0" tests="4" name="TestNgTopics.OrangeHRMTest" time="7.211" errors="0" timestamp="2024-07-04T16:44:25 IST" skipped="0">
  <testcase classname="TestNgTopics.OrangeHRMTest" name="openApp" time="3.870"/>
  <system-out/>
  <testcase classname="TestNgTopics.OrangeHRMTest" name="testLogo" time="3.045"/>
  <system-out/>
  <testcase classname="TestNgTopics.OrangeHRMTest" name="testLogin" time="0.180"/>
  <system-out/>
  <testcase classname="TestNgTopics.OrangeHRMTest" name="closeApp" time="0.116"/>
  <system-out/>
</testsuite> <!-- TestNgTopics.OrangeHRMTest -->
